2025-10-14 19:34:24,812 - INFO - Логи сохраняются в файл: C:\Users\vlastelin8\Desktop\trade\crypto\logs\portfolio_viewer_20251014_193424.log
2025-10-14 19:34:24,814 - INFO - ✅ Рабочий поток инициализирован
2025-10-14 19:34:26,946 - INFO - 🚀 Автообновление запущено
2025-10-14 19:34:26,948 - INFO - Запрос баланса UNIFIED кошелька
2025-10-14 19:34:26,957 - INFO - Инициализация API клиента...
2025-10-14 19:34:26,957 - INFO - ✅ API клиент инициализирован (testnet: True)
2025-10-14 19:34:26,958 - INFO - 🔄 Получение UNIFIED баланса...
2025-10-14 19:34:27,437 - INFO - 🔄 Ручное обновление данных...
2025-10-14 19:34:27,437 - INFO - Запрос баланса UNIFIED кошелька
2025-10-14 19:34:28,226 - WARNING - Получен пустой или некорректный ответ при запросе баланса
2025-10-14 19:34:28,226 - INFO - Получен баланс: {'total_wallet_usd': Decimal('0'), 'total_available_usd': Decimal('0'), 'coins': {}}
2025-10-14 19:34:28,535 - WARNING - Получен пустой или некорректный ответ при запросе баланса
2025-10-14 19:34:28,536 - INFO - Получен баланс: {'total_wallet_usd': Decimal('0'), 'total_available_usd': Decimal('0'), 'coins': {}}
2025-10-14 19:34:28,536 - INFO - ✅ UNIFIED баланс обновлен: 0 монет, $0.00
2025-10-14 19:34:29,440 - INFO - ✅ FUND баланс обновлен: 0 монет
2025-10-14 19:34:29,441 - INFO - ✅ Ручное обновление завершено
2025-10-14 19:34:29,451 - INFO - ✅ UNIFIED баланс обновлен: 0 монет, $0.00
2025-10-14 19:34:29,452 - INFO - ✅ UNIFIED баланс обновлен
2025-10-14 19:34:29,453 - INFO - 🔄 Получение FUND баланса...
2025-10-14 19:34:29,453 - INFO - ✅ FUND баланс обновлен: 0 монет
2025-10-14 19:34:29,453 - INFO - ✅ FUND баланс обновлен
2025-10-14 19:34:59,142 - INFO - Запрос баланса UNIFIED кошелька
2025-10-14 19:34:59,142 - INFO - 🔄 Получение UNIFIED баланса...
2025-10-14 19:34:59,689 - WARNING - Получен пустой или некорректный ответ при запросе баланса
2025-10-14 19:34:59,689 - INFO - Получен баланс: {'total_wallet_usd': Decimal('0'), 'total_available_usd': Decimal('0'), 'coins': {}}
2025-10-14 19:34:59,690 - INFO - ✅ UNIFIED баланс обновлен: 0 монет, $0.00
2025-10-14 19:34:59,691 - INFO - ✅ UNIFIED баланс обновлен
2025-10-14 19:34:59,691 - INFO - 🔄 Получение FUND баланса...
2025-10-14 19:35:00,406 - INFO - ✅ FUND баланс обновлен: 0 монет
2025-10-14 19:35:00,406 - INFO - ✅ FUND баланс обновлен
2025-10-14 19:35:30,409 - INFO - Запрос баланса UNIFIED кошелька
2025-10-14 19:35:30,410 - INFO - 🔄 Получение UNIFIED баланса...
2025-10-14 19:35:30,953 - WARNING - Получен пустой или некорректный ответ при запросе баланса
2025-10-14 19:35:30,953 - INFO - Получен баланс: {'total_wallet_usd': Decimal('0'), 'total_available_usd': Decimal('0'), 'coins': {}}
2025-10-14 19:35:30,954 - INFO - ✅ UNIFIED баланс обновлен: 0 монет, $0.00
2025-10-14 19:35:30,955 - INFO - ✅ UNIFIED баланс обновлен
2025-10-14 19:35:30,955 - INFO - 🔄 Получение FUND баланса...
2025-10-14 19:35:31,865 - INFO - ✅ FUND баланс обновлен: 0 монет
2025-10-14 19:35:31,866 - INFO - ✅ FUND баланс обновлен
2025-10-14 19:35:40,399 - INFO - 🔄 Ручное обновление данных...
2025-10-14 19:35:40,399 - INFO - Запрос баланса UNIFIED кошелька
2025-10-14 19:35:41,296 - WARNING - Получен пустой или некорректный ответ при запросе баланса
2025-10-14 19:35:41,297 - INFO - Получен баланс: {'total_wallet_usd': Decimal('0'), 'total_available_usd': Decimal('0'), 'coins': {}}
2025-10-14 19:35:41,297 - INFO - ✅ UNIFIED баланс обновлен: 0 монет, $0.00
2025-10-14 19:35:41,901 - INFO - ✅ FUND баланс обновлен: 0 монет
2025-10-14 19:35:41,901 - INFO - ✅ Ручное обновление завершено
2025-10-14 19:36:01,878 - INFO - Запрос баланса UNIFIED кошелька
2025-10-14 19:36:01,878 - INFO - 🔄 Получение UNIFIED баланса...
2025-10-14 19:36:02,798 - WARNING - Получен пустой или некорректный ответ при запросе баланса
2025-10-14 19:36:02,799 - INFO - Получен баланс: {'total_wallet_usd': Decimal('0'), 'total_available_usd': Decimal('0'), 'coins': {}}
2025-10-14 19:36:02,799 - INFO - ✅ UNIFIED баланс обновлен: 0 монет, $0.00
2025-10-14 19:36:02,802 - INFO - ✅ UNIFIED баланс обновлен
2025-10-14 19:36:02,802 - INFO - 🔄 Получение FUND баланса...
2025-10-14 19:36:03,358 - INFO - ✅ FUND баланс обновлен: 0 монет
2025-10-14 19:36:03,359 - INFO - ✅ FUND баланс обновлен
2025-10-14 19:36:33,372 - INFO - Запрос баланса UNIFIED кошелька
2025-10-14 19:36:33,374 - INFO - 🔄 Получение UNIFIED баланса...
2025-10-14 19:36:33,917 - WARNING - Получен пустой или некорректный ответ при запросе баланса
2025-10-14 19:36:33,917 - INFO - Получен баланс: {'total_wallet_usd': Decimal('0'), 'total_available_usd': Decimal('0'), 'coins': {}}
2025-10-14 19:36:33,918 - INFO - ✅ UNIFIED баланс обновлен: 0 монет, $0.00
2025-10-14 19:36:33,919 - INFO - ✅ UNIFIED баланс обновлен
2025-10-14 19:36:33,919 - INFO - 🔄 Получение FUND баланса...
2025-10-14 19:36:34,470 - INFO - ✅ FUND баланс обновлен: 0 монет
2025-10-14 19:36:34,471 - INFO - ✅ FUND баланс обновлен
2025-10-14 19:37:04,471 - INFO - Запрос баланса UNIFIED кошелька
2025-10-14 19:37:04,472 - INFO - 🔄 Получение UNIFIED баланса...
2025-10-14 19:37:05,018 - WARNING - Получен пустой или некорректный ответ при запросе баланса
2025-10-14 19:37:05,018 - INFO - Получен баланс: {'total_wallet_usd': Decimal('0'), 'total_available_usd': Decimal('0'), 'coins': {}}
2025-10-14 19:37:05,019 - INFO - ✅ UNIFIED баланс обновлен: 0 монет, $0.00
2025-10-14 19:37:05,020 - INFO - ✅ UNIFIED баланс обновлен
2025-10-14 19:37:05,020 - INFO - 🔄 Получение FUND баланса...
2025-10-14 19:37:05,576 - INFO - ✅ FUND баланс обновлен: 0 монет
2025-10-14 19:37:05,577 - INFO - ✅ FUND баланс обновлен
