2025-10-14 19:33:00,743 - INFO - Логи сохраняются в файл: C:\Users\vlastelin8\Desktop\trade\crypto\logs\portfolio_viewer_20251014_193300.log
2025-10-14 19:33:00,745 - INFO - ✅ Рабочий поток инициализирован
2025-10-14 19:33:14,687 - INFO - 🚀 Автообновление запущено
2025-10-14 19:33:14,689 - INFO - Запрос баланса UNIFIED кошелька
2025-10-14 19:33:14,690 - INFO - Инициализация API клиента...
2025-10-14 19:33:14,690 - INFO - ✅ API клиент инициализирован (testnet: True)
2025-10-14 19:33:14,691 - INFO - 🔄 Получение UNIFIED баланса...
2025-10-14 19:33:15,957 - WARNING - Получен пустой или некорректный ответ при запросе баланса
2025-10-14 19:33:15,957 - INFO - Получен баланс: {'total_wallet_usd': Decimal('0'), 'total_available_usd': Decimal('0'), 'coins': {}}
2025-10-14 19:33:15,959 - INFO - ✅ UNIFIED баланс обновлен: 0 монет, $0.00
2025-10-14 19:33:15,960 - INFO - ✅ UNIFIED баланс обновлен
2025-10-14 19:33:15,960 - INFO - 🔄 Получение FUND баланса...
2025-10-14 19:33:16,508 - INFO - ✅ FUND баланс обновлен: 0 монет
2025-10-14 19:33:16,509 - INFO - ✅ FUND баланс обновлен
2025-10-14 19:33:18,728 - INFO - 🔄 Ручное обновление данных...
2025-10-14 19:33:18,728 - INFO - Запрос баланса UNIFIED кошелька
2025-10-14 19:33:19,466 - WARNING - Получен пустой или некорректный ответ при запросе баланса
2025-10-14 19:33:19,467 - INFO - Получен баланс: {'total_wallet_usd': Decimal('0'), 'total_available_usd': Decimal('0'), 'coins': {}}
2025-10-14 19:33:19,467 - INFO - ✅ UNIFIED баланс обновлен: 0 монет, $0.00
2025-10-14 19:33:20,017 - INFO - ✅ FUND баланс обновлен: 0 монет
2025-10-14 19:33:20,017 - INFO - ✅ Ручное обновление завершено
